HELLO
HELLO
PUBLISHING
PUBLISHING
PUBLISHING
Could not find table 'posts'
Could not find table 'posts'
undefined method `body' for nil:NilClass
undefined method `body' for nil:NilClass
undefined method `body' for nil:NilClass
undefined method `body' for nil:NilClass
undefined method `body' for nil:NilClass
undefined method `body' for nil:NilClass
undefined method `body' for nil:NilClass
undefined method `body' for nil:NilClass
undefined method `body' for nil:NilClass
undefined method `body' for nil:NilClass
undefined method `body' for nil:NilClass
undefined method `body' for nil:NilClass
undefined method `body' for nil:NilClass
undefined method `body' for nil:NilClass
undefined method `body' for nil:NilClass
undefined method `body' for nil:NilClass
undefined method `body' for nil:NilClass
undefined method `body' for nil:NilClass
undefined method `body' for nil:NilClass
undefined method `body' for nil:NilClass
undefined method `body' for nil:NilClass
undefined method `body' for nil:NilClass
undefined method `body' for nil:NilClass
undefined method `body' for nil:NilClass
undefined method `body' for nil:NilClass
undefined method `body' for nil:NilClass
PUBLISHING GROUP_ID ["634343846717682"]
PUBLISHING POST 222
PUBLISHING GROUP_ID ["634343846717682"]
PUBLISHING POST 222
