rake aborted!
ActiveRecord::StatementInvalid: Could not find table 'posts'
/home/facundo/.rvm/gems/ruby-2.3.0/gems/activerecord-4.2.6/lib/active_record/connection_adapters/sqlite3_adapter.rb:513:in `table_structure'
/home/facundo/.rvm/gems/ruby-2.3.0/gems/activerecord-4.2.6/lib/active_record/connection_adapters/sqlite3_adapter.rb:387:in `columns'
/home/facundo/.rvm/gems/ruby-2.3.0/gems/activerecord-4.2.6/lib/active_record/connection_adapters/schema_cache.rb:43:in `columns'
/home/facundo/.rvm/gems/ruby-2.3.0/gems/activerecord-4.2.6/lib/active_record/attributes.rb:93:in `columns'
/home/facundo/.rvm/gems/ruby-2.3.0/gems/activerecord-4.2.6/lib/active_record/attributes.rb:98:in `columns_hash'
/home/facundo/.rvm/gems/ruby-2.3.0/gems/activerecord-4.2.6/lib/active_record/core.rb:173:in `block in find_by'
/home/facundo/.rvm/gems/ruby-2.3.0/gems/activerecord-4.2.6/lib/active_record/core.rb:173:in `each'
/home/facundo/.rvm/gems/ruby-2.3.0/gems/activerecord-4.2.6/lib/active_record/core.rb:173:in `all?'
/home/facundo/.rvm/gems/ruby-2.3.0/gems/activerecord-4.2.6/lib/active_record/core.rb:173:in `find_by'
/home/facundo/Documents/personal/projectos/publisher/src/server/lib/facebook.rb:6:in `publish'
/home/facundo/Documents/personal/projectos/publisher/src/server/lib/tasks/publisher_task.rake:5:in `block (2 levels) in <top (required)>'
/home/facundo/.rvm/gems/ruby-2.3.0/gems/rake-11.2.2/exe/rake:27:in `<top (required)>'
/home/facundo/.rvm/gems/ruby-2.3.0/bin/ruby_executable_hooks:15:in `eval'
/home/facundo/.rvm/gems/ruby-2.3.0/bin/ruby_executable_hooks:15:in `<main>'
Tasks: TOP => publisher:publish
(See full trace by running task with --trace)
rake aborted!
ActiveRecord::StatementInvalid: Could not find table 'posts'
/home/facundo/.rvm/gems/ruby-2.3.0/gems/activerecord-4.2.6/lib/active_record/connection_adapters/sqlite3_adapter.rb:513:in `table_structure'
/home/facundo/.rvm/gems/ruby-2.3.0/gems/activerecord-4.2.6/lib/active_record/connection_adapters/sqlite3_adapter.rb:387:in `columns'
/home/facundo/.rvm/gems/ruby-2.3.0/gems/activerecord-4.2.6/lib/active_record/connection_adapters/schema_cache.rb:43:in `columns'
/home/facundo/.rvm/gems/ruby-2.3.0/gems/activerecord-4.2.6/lib/active_record/attributes.rb:93:in `columns'
/home/facundo/.rvm/gems/ruby-2.3.0/gems/activerecord-4.2.6/lib/active_record/attributes.rb:98:in `columns_hash'
/home/facundo/.rvm/gems/ruby-2.3.0/gems/activerecord-4.2.6/lib/active_record/core.rb:173:in `block in find_by'
/home/facundo/.rvm/gems/ruby-2.3.0/gems/activerecord-4.2.6/lib/active_record/core.rb:173:in `each'
/home/facundo/.rvm/gems/ruby-2.3.0/gems/activerecord-4.2.6/lib/active_record/core.rb:173:in `all?'
/home/facundo/.rvm/gems/ruby-2.3.0/gems/activerecord-4.2.6/lib/active_record/core.rb:173:in `find_by'
/home/facundo/Documents/personal/projectos/publisher/src/server/lib/facebook.rb:6:in `publish'
/home/facundo/Documents/personal/projectos/publisher/src/server/lib/tasks/publisher_task.rake:5:in `block (2 levels) in <top (required)>'
/home/facundo/.rvm/gems/ruby-2.3.0/gems/rake-11.2.2/exe/rake:27:in `<top (required)>'
/home/facundo/.rvm/gems/ruby-2.3.0/bin/ruby_executable_hooks:15:in `eval'
/home/facundo/.rvm/gems/ruby-2.3.0/bin/ruby_executable_hooks:15:in `<main>'
Tasks: TOP => publisher:publish
(See full trace by running task with --trace)
rake aborted!
ActiveRecord::StatementInvalid: Could not find table 'posts'
/home/facundo/.rvm/gems/ruby-2.3.0/gems/activerecord-4.2.6/lib/active_record/connection_adapters/sqlite3_adapter.rb:513:in `table_structure'
/home/facundo/.rvm/gems/ruby-2.3.0/gems/activerecord-4.2.6/lib/active_record/connection_adapters/sqlite3_adapter.rb:387:in `columns'
/home/facundo/.rvm/gems/ruby-2.3.0/gems/activerecord-4.2.6/lib/active_record/connection_adapters/schema_cache.rb:43:in `columns'
/home/facundo/.rvm/gems/ruby-2.3.0/gems/activerecord-4.2.6/lib/active_record/attributes.rb:93:in `columns'
/home/facundo/.rvm/gems/ruby-2.3.0/gems/activerecord-4.2.6/lib/active_record/attributes.rb:98:in `columns_hash'
/home/facundo/.rvm/gems/ruby-2.3.0/gems/activerecord-4.2.6/lib/active_record/core.rb:173:in `block in find_by'
/home/facundo/.rvm/gems/ruby-2.3.0/gems/activerecord-4.2.6/lib/active_record/core.rb:173:in `each'
/home/facundo/.rvm/gems/ruby-2.3.0/gems/activerecord-4.2.6/lib/active_record/core.rb:173:in `all?'
/home/facundo/.rvm/gems/ruby-2.3.0/gems/activerecord-4.2.6/lib/active_record/core.rb:173:in `find_by'
/home/facundo/Documents/personal/projectos/publisher/src/server/lib/facebook.rb:6:in `publish'
/home/facundo/Documents/personal/projectos/publisher/src/server/lib/tasks/publisher_task.rake:5:in `block (2 levels) in <top (required)>'
/home/facundo/.rvm/gems/ruby-2.3.0/gems/rake-11.2.2/exe/rake:27:in `<top (required)>'
/home/facundo/.rvm/gems/ruby-2.3.0/bin/ruby_executable_hooks:15:in `eval'
/home/facundo/.rvm/gems/ruby-2.3.0/bin/ruby_executable_hooks:15:in `<main>'
Tasks: TOP => publisher:publish
(See full trace by running task with --trace)
